<?xml version="1.0" encoding="UTF-8"?>
<!-- Generated by org.testng.reporters.JUnitReportReporter -->
<testsuite hostname="Raviraj-PC" name="Ademo.testcasesequencecallyexacuted" tests="4" failures="0" timestamp="21 Jan 2020 11:39:46 GMT" time="0.066" errors="0">
  <testcase name="testcase4" time="0.009" classname="Ademo.testcasesequencecallyexacuted"/>
  <testcase name="testcase2" time="0.005" classname="Ademo.testcasesequencecallyexacuted"/>
  <testcase name="testcase1" time="0.044" classname="Ademo.testcasesequencecallyexacuted"/>
  <testcase name="testcase3" time="0.008" classname="Ademo.testcasesequencecallyexacuted"/>
</testsuite> <!-- Ademo.testcasesequencecallyexacuted -->
