<?xml version="1.0" encoding="UTF-8"?>
<!-- Generated by org.testng.reporters.JUnitReportReporter -->
<testsuite hostname="Raviraj-PC" name="Ademo.siblingsxpathdemo" tests="1" failures="0" timestamp="24 Jan 2020 17:59:53 GMT" time="28.166" errors="0">
  <testcase name="webtableslection" time="28.166" classname="Ademo.siblingsxpathdemo"/>
</testsuite> <!-- Ademo.siblingsxpathdemo -->
