<?xml version="1.0" encoding="UTF-8"?>
<!-- Generated by org.testng.reporters.JUnitReportReporter -->
<testsuite hostname="Raviraj-PC" name="Ademo.Unseletedtestcases" tests="2" failures="0" timestamp="22 Jan 2020 06:20:54 GMT" time="0.009" errors="0">
  <testcase name="testcase2" time="0.005" classname="Ademo.Unseletedtestcases"/>
  <testcase name="testcase1" time="0.004" classname="Ademo.Unseletedtestcases"/>
</testsuite> <!-- Ademo.Unseletedtestcases -->
