<?xml version="1.0" encoding="UTF-8"?>
<!-- Generated by org.testng.reporters.JUnitReportReporter -->
<testsuite hostname="Raviraj-PC" name="Ademo.grouppingtestcases" tests="5" failures="0" timestamp="22 Jan 2020 06:01:05 GMT" time="0.066" errors="0">
  <testcase name="testcase4" time="0.003" classname="Ademo.grouppingtestcases"/>
  <testcase name="testcase2" time="0.003" classname="Ademo.grouppingtestcases"/>
  <testcase name="testcase1" time="0.052" classname="Ademo.grouppingtestcases"/>
  <testcase name="testcase5" time="0.004" classname="Ademo.grouppingtestcases"/>
  <testcase name="testcase3" time="0.004" classname="Ademo.grouppingtestcases"/>
</testsuite> <!-- Ademo.grouppingtestcases -->
