<?xml version="1.0" encoding="UTF-8"?>
<!-- Generated by org.testng.reporters.JUnitReportReporter -->
<testsuite hostname="Raviraj-PC" name="invocationcountexample" tests="10" failures="0" timestamp="21 Jan 2020 13:03:47 GMT" time="0.063" errors="0">
  <testcase name="Logintest" time="0.000" classname="invocationcountexample"/>
  <testcase name="Logintest" time="0.016" classname="invocationcountexample"/>
  <testcase name="Logintest" time="0.000" classname="invocationcountexample"/>
  <testcase name="Logintest" time="0.047" classname="invocationcountexample"/>
  <testcase name="Logintest" time="0.000" classname="invocationcountexample"/>
  <testcase name="Logintest" time="0.000" classname="invocationcountexample"/>
  <testcase name="Logintest" time="0.000" classname="invocationcountexample"/>
  <testcase name="Logintest" time="0.000" classname="invocationcountexample"/>
  <testcase name="Logintest" time="0.000" classname="invocationcountexample"/>
  <testcase name="Logintest" time="0.000" classname="invocationcountexample"/>
</testsuite> <!-- invocationcountexample -->
