<?xml version="1.0" encoding="UTF-8"?>
<!-- Generated by org.testng.reporters.JUnitReportReporter -->
<testsuite hostname="Raviraj-PC" name="Ademo.Selectedtestcaseexecution" tests="3" failures="0" timestamp="22 Jan 2020 06:20:54 GMT" time="0.051" errors="0">
  <testcase name="testcase3" time="0.043" classname="Ademo.Selectedtestcaseexecution"/>
  <testcase name="testcase4" time="0.004" classname="Ademo.Selectedtestcaseexecution"/>
  <testcase name="testcase5" time="0.004" classname="Ademo.Selectedtestcaseexecution"/>
</testsuite> <!-- Ademo.Selectedtestcaseexecution -->
